The system is: Windows - 10.0.22621 - AMD64
Compiling the C compiler identification source file "CMakeCCompilerId.c" succeeded.
Compiler: D:/Program Files/Microsoft Visual Studio/2022/Community/VC/Tools/MSVC/14.35.32215/bin/Hostx64/x64/cl.exe 
Build flags: 
Id flags:  

The output was:
0
Microsoft (R) C/C++ Optimizing Compiler Version 19.35.32215 for x64
Copyright (C) Microsoft Corporation.  All rights reserved.

CMakeCCompilerId.c
Microsoft (R) Incremental Linker Version 14.35.32215.0
Copyright (C) Microsoft Corporation.  All rights reserved.

/out:CMakeCCompilerId.exe 
CMakeCCompilerId.obj 


Compilation of the C compiler identification source "CMakeCCompilerId.c" produced "CMakeCCompilerId.exe"

Compilation of the C compiler identification source "CMakeCCompilerId.c" produced "CMakeCCompilerId.obj"

The C compiler identification is MSVC, found in "C:/Users/Benko/git/UnladenCoconut/CACpp/CMakeFiles/3.25.1-msvc1/CompilerIdC/CMakeCCompilerId.exe"

Compiling the CXX compiler identification source file "CMakeCXXCompilerId.cpp" succeeded.
Compiler: D:/Program Files/Microsoft Visual Studio/2022/Community/VC/Tools/MSVC/14.35.32215/bin/Hostx64/x64/cl.exe 
Build flags: 
Id flags:  

The output was:
0
Microsoft (R) C/C++ Optimizing Compiler Version 19.35.32215 for x64
Copyright (C) Microsoft Corporation.  All rights reserved.

CMakeCXXCompilerId.cpp
Microsoft (R) Incremental Linker Version 14.35.32215.0
Copyright (C) Microsoft Corporation.  All rights reserved.

/out:CMakeCXXCompilerId.exe 
CMakeCXXCompilerId.obj 


Compilation of the CXX compiler identification source "CMakeCXXCompilerId.cpp" produced "CMakeCXXCompilerId.exe"

Compilation of the CXX compiler identification source "CMakeCXXCompilerId.cpp" produced "CMakeCXXCompilerId.obj"

The CXX compiler identification is MSVC, found in "C:/Users/Benko/git/UnladenCoconut/CACpp/CMakeFiles/3.25.1-msvc1/CompilerIdCXX/CMakeCXXCompilerId.exe"

The system is: Windows - 10.0.22621 - AMD64
Compiling the C compiler identification source file "CMakeCCompilerId.c" succeeded.
Compiler: D:/Program Files/Microsoft Visual Studio/2022/Community/VC/Tools/MSVC/14.35.32215/bin/Hostx64/x64/cl.exe 
Build flags: 
Id flags:  

The output was:
0
Microsoft (R) C/C++ Optimizing Compiler Version 19.35.32215 for x64
Copyright (C) Microsoft Corporation.  All rights reserved.

CMakeCCompilerId.c
Microsoft (R) Incremental Linker Version 14.35.32215.0
Copyright (C) Microsoft Corporation.  All rights reserved.

/out:CMakeCCompilerId.exe 
CMakeCCompilerId.obj 


Compilation of the C compiler identification source "CMakeCCompilerId.c" produced "CMakeCCompilerId.exe"

Compilation of the C compiler identification source "CMakeCCompilerId.c" produced "CMakeCCompilerId.obj"

The C compiler identification is MSVC, found in "C:/Users/Benko/git/UnladenCoconut/CACpp/CMakeFiles/3.25.1-msvc1/CompilerIdC/CMakeCCompilerId.exe"

Compiling the CXX compiler identification source file "CMakeCXXCompilerId.cpp" succeeded.
Compiler: D:/Program Files/Microsoft Visual Studio/2022/Community/VC/Tools/MSVC/14.35.32215/bin/Hostx64/x64/cl.exe 
Build flags: 
Id flags:  

The output was:
0
Microsoft (R) C/C++ Optimizing Compiler Version 19.35.32215 for x64
Copyright (C) Microsoft Corporation.  All rights reserved.

CMakeCXXCompilerId.cpp
Microsoft (R) Incremental Linker Version 14.35.32215.0
Copyright (C) Microsoft Corporation.  All rights reserved.

/out:CMakeCXXCompilerId.exe 
CMakeCXXCompilerId.obj 


Compilation of the CXX compiler identification source "CMakeCXXCompilerId.cpp" produced "CMakeCXXCompilerId.exe"

Compilation of the CXX compiler identification source "CMakeCXXCompilerId.cpp" produced "CMakeCXXCompilerId.obj"

The CXX compiler identification is MSVC, found in "C:/Users/Benko/git/UnladenCoconut/CACpp/CMakeFiles/3.25.1-msvc1/CompilerIdCXX/CMakeCXXCompilerId.exe"

Detecting C compiler ABI info compiled with the following output:
Change Dir: C:/Users/Benko/git/UnladenCoconut/CACpp/CMakeFiles/CMakeScratch/TryCompile-sz0cpy

Run Build Command(s):nmake -f Makefile /nologo cmTC_cf296\fast && 	"D:\Program Files\Microsoft Visual Studio\2022\Community\VC\Tools\MSVC\14.35.32215\bin\HostX64\x64\nmake.exe"  -f CMakeFiles\cmTC_cf296.dir\build.make /nologo -L                  CMakeFiles\cmTC_cf296.dir\build
Building C object CMakeFiles/cmTC_cf296.dir/CMakeCCompilerABI.c.obj
	"D:\Program Files\Microsoft Visual Studio\2022\Community\Common7\IDE\CommonExtensions\Microsoft\CMake\CMake\bin\cmake.exe" -E cmake_cl_compile_depends --dep-file=CMakeFiles\cmTC_cf296.dir\CMakeCCompilerABI.c.obj.d --working-dir=C:\Users\Benko\git\UnladenCoconut\CACpp\CMakeFiles\CMakeScratch\TryCompile-sz0cpy --filter-prefix="Note: including file: " -- "D:\Program Files\Microsoft Visual Studio\2022\Community\VC\Tools\MSVC\14.35.32215\bin\Hostx64\x64\cl.exe" @C:\Users\Benko\AppData\Local\Temp\nmB6F0.tmp
CMakeCCompilerABI.c
Linking C executable cmTC_cf296.exe
	"D:\Program Files\Microsoft Visual Studio\2022\Community\Common7\IDE\CommonExtensions\Microsoft\CMake\CMake\bin\cmake.exe" -E vs_link_exe --intdir=CMakeFiles\cmTC_cf296.dir --rc="D:\Windows Kits\10\bin\10.0.22621.0\x64\rc.exe" --mt="D:\Windows Kits\10\bin\10.0.22621.0\x64\mt.exe" --manifests -- "D:\Program Files\Microsoft Visual Studio\2022\Community\VC\Tools\MSVC\14.35.32215\bin\Hostx64\x64\link.exe" /nologo @CMakeFiles\cmTC_cf296.dir\objects1 @C:\Users\Benko\AppData\Local\Temp\nmB971.tmp



Detecting CXX compiler ABI info compiled with the following output:
Change Dir: C:/Users/Benko/git/UnladenCoconut/CACpp/CMakeFiles/CMakeScratch/TryCompile-4wmpg8

Run Build Command(s):nmake -f Makefile /nologo cmTC_1dd98\fast && 	"D:\Program Files\Microsoft Visual Studio\2022\Community\VC\Tools\MSVC\14.35.32215\bin\HostX64\x64\nmake.exe"  -f CMakeFiles\cmTC_1dd98.dir\build.make /nologo -L                  CMakeFiles\cmTC_1dd98.dir\build
Building CXX object CMakeFiles/cmTC_1dd98.dir/CMakeCXXCompilerABI.cpp.obj
	"D:\Program Files\Microsoft Visual Studio\2022\Community\Common7\IDE\CommonExtensions\Microsoft\CMake\CMake\bin\cmake.exe" -E cmake_cl_compile_depends --dep-file=CMakeFiles\cmTC_1dd98.dir\CMakeCXXCompilerABI.cpp.obj.d --working-dir=C:\Users\Benko\git\UnladenCoconut\CACpp\CMakeFiles\CMakeScratch\TryCompile-4wmpg8 --filter-prefix="Note: including file: " -- "D:\Program Files\Microsoft Visual Studio\2022\Community\VC\Tools\MSVC\14.35.32215\bin\Hostx64\x64\cl.exe" @C:\Users\Benko\AppData\Local\Temp\nmBE72.tmp
CMakeCXXCompilerABI.cpp
Linking CXX executable cmTC_1dd98.exe
	"D:\Program Files\Microsoft Visual Studio\2022\Community\Common7\IDE\CommonExtensions\Microsoft\CMake\CMake\bin\cmake.exe" -E vs_link_exe --intdir=CMakeFiles\cmTC_1dd98.dir --rc="D:\Windows Kits\10\bin\10.0.22621.0\x64\rc.exe" --mt="D:\Windows Kits\10\bin\10.0.22621.0\x64\mt.exe" --manifests -- "D:\Program Files\Microsoft Visual Studio\2022\Community\VC\Tools\MSVC\14.35.32215\bin\Hostx64\x64\link.exe" /nologo @CMakeFiles\cmTC_1dd98.dir\objects1 @C:\Users\Benko\AppData\Local\Temp\nmBF3E.tmp



